<?xml version="1.0" encoding="UTF-8"?>
<!-- Generated by org.testng.reporters.JUnitReportReporter -->
<testsuite hostname="Afsanas-MacBook-Pro.local" name="Test_Cases.Sign_in_test" tests="1" failures="0" timestamp="21 Aug 2020 04:39:04 GMT" time="5.628" errors="0">
  <testcase name="loginWithValidCredentialUsingEmailTest" time="5.628" classname="Test_Cases.Sign_in_test"/>
</testsuite> <!-- Test_Cases.Sign_in_test -->
