<?xml version="1.0" encoding="UTF-8"?>
<!-- Generated by org.testng.reporters.JUnitReportReporter -->
<testsuite hostname="Afsanas-MacBook-Pro.local" name="Test_Cases.Successfully_delete_mail$Sign_in_test" tests="1" failures="0" timestamp="1 Sep 2020 15:37:12 GMT" time="11.415" errors="0">
  <testcase name="Sucessfully_delete_mail_Test" time="11.415" classname="Test_Cases.Successfully_delete_mail$Sign_in_test"/>
</testsuite> <!-- Test_Cases.Successfully_delete_mail$Sign_in_test -->
