<?xml version="1.0" encoding="UTF-8"?>
<!-- Generated by org.testng.reporters.JUnitReportReporter -->
<testsuite hostname="Afsanas-MacBook-Pro.local" name="Test_Cases.Successfully_sent_mail_test$Sign_in_test" tests="1" failures="0" timestamp="14 Sep 2020 04:20:44 GMT" time="28.579" errors="0">
  <testcase name="Sucessfully_sent_mail_Test" time="28.579" classname="Test_Cases.Successfully_sent_mail_test$Sign_in_test"/>
</testsuite> <!-- Test_Cases.Successfully_sent_mail_test$Sign_in_test -->
